<?xml version="1.0" encoding="UTF-8"?>
<!-- Generated by org.testng.reporters.JUnitReportReporter -->
<testsuite hostname="MSI" failures="0" tests="3" name="sample.TestCase1" time="-1640182016.000" errors="1" timestamp="2021-12-22T19:38:30 IST" skipped="2">
  <testcase classname="sample.TestCase1" name="tc2" time="0.000">
    <skipped/>
  </testcase> <!-- tc2 -->
  <system-out/>
  <testcase classname="sample.TestCase1" name="beforeSuite" time="-1640182016.000">
    <error message="
Parameter &#039;env&#039; is required by BeforeSuite on method beforeSuite but has not been marked @Optional or defined
in C:\Users\Deepak\SelClasses\POMOrangeHRM\suiteXmls\LIstenersExec.xml" type="org.testng.TestNGException">
      <![CDATA[org.testng.TestNGException: 
Parameter 'env' is required by BeforeSuite on method beforeSuite but has not been marked @Optional or defined
in C:\Users\Deepak\SelClasses\POMOrangeHRM\suiteXmls\LIstenersExec.xml
at org.testng.internal.Parameters.createParams(Parameters.java:270)
at org.testng.internal.Parameters.createParametersForMethod(Parameters.java:358)
at org.testng.internal.Parameters.createParameters(Parameters.java:700)
at org.testng.internal.Parameters.createConfigurationParameters(Parameters.java:168)
at org.testng.internal.ConfigInvoker.invokeConfigurations(ConfigInvoker.java:302)
at org.testng.SuiteRunner.privateRun(SuiteRunner.java:317)
at org.testng.SuiteRunner.run(SuiteRunner.java:276)
at org.testng.SuiteRunnerWorker.runSuite(SuiteRunnerWorker.java:53)
at org.testng.SuiteRunnerWorker.run(SuiteRunnerWorker.java:96)
at org.testng.TestNG.runSuitesSequentially(TestNG.java:1212)
at org.testng.TestNG.runSuitesLocally(TestNG.java:1134)
at org.testng.TestNG.runSuites(TestNG.java:1063)
at org.testng.TestNG.run(TestNG.java:1031)
at org.testng.remote.AbstractRemoteTestNG.run(AbstractRemoteTestNG.java:115)
at org.testng.remote.RemoteTestNG.initAndRun(RemoteTestNG.java:251)
at org.testng.remote.RemoteTestNG.main(RemoteTestNG.java:77)
]]>
    </error>
  </testcase> <!-- beforeSuite -->
  <system-out/>
  <testcase classname="sample.TestCase1" name="tc1" time="0.000">
    <skipped/>
  </testcase> <!-- tc1 -->
  <system-out/>
</testsuite> <!-- sample.TestCase1 -->
