<?xml version="1.0" encoding="UTF-8"?>
<!-- Generated by org.testng.reporters.JUnitReportReporter -->
<testsuite hostname="MSI" failures="0" tests="5" name="tests.company.Companies" time="0.030" errors="0" timestamp="2021-12-17T20:41:06 IST" skipped="0">
  <testcase classname="tests.company.Companies" name="deleteMultipleCompanies" time="0.003"/>
  <system-out/>
  <testcase classname="tests.company.Companies" name="deleteMultipleCompanies" time="0.016"/>
  <system-out/>
  <testcase classname="tests.company.Companies" name="createCompany" time="0.005"/>
  <system-out/>
  <testcase classname="tests.company.Companies" name="modifyCompany" time="0.003"/>
  <system-out/>
  <testcase classname="tests.company.Companies" name="deleteCompany" time="0.003"/>
  <system-out/>
</testsuite> <!-- tests.company.Companies -->
