<?xml version="1.0" encoding="UTF-8"?>
<!-- Generated by org.testng.reporters.JUnitReportReporter -->
<testsuite hostname="MSI" failures="0" tests="3" name="contacts.CreateContacts" time="0.022" errors="0" timestamp="2021-12-22T16:17:14 IST" skipped="0">
  <testcase classname="contacts.CreateContacts" name="modifyContact" time="0.006"/>
  <system-out/>
  <testcase classname="contacts.CreateContacts" name="deleteContact" time="0.003"/>
  <system-out/>
  <testcase classname="contacts.CreateContacts" name="createContact" time="0.013"/>
  <system-out/>
</testsuite> <!-- contacts.CreateContacts -->
